<?xml version="1.0" encoding="UTF-8"?>
<!-- Generated by org.testng.reporters.JUnitReportReporter -->
<testsuite hostname="DESKTOP-MLGRFV0" failures="0" tests="1" name="com.LiveCompetition.Java.LiveTest2" time="11.240" errors="0" timestamp="2023-01-24T09:41:44 IST" skipped="0">
  <testcase classname="com.LiveCompetition.Java.LiveTest2" name="Automation2Test" time="11.240"/>
  <system-out/>
</testsuite> <!-- com.LiveCompetition.Java.LiveTest2 -->
