<?xml version="1.0" encoding="UTF-8"?>
<!-- Generated by org.testng.reporters.JUnitReportReporter -->
<testsuite hostname="DESKTOP-MLGRFV0" failures="0" tests="1" name="com.LiveCompetition.Java.LiveTest" time="3.503" errors="0" timestamp="2023-01-24T09:40:44 IST" skipped="0">
  <testcase classname="com.LiveCompetition.Java.LiveTest" name="Automation1Test1" time="3.503"/>
  <system-out/>
</testsuite> <!-- com.LiveCompetition.Java.LiveTest -->
